TN:
SF:src/Aplications/use_case/AddUserUseCase.ts
FN:16,(anonymous_1)
FN:21,(anonymous_2)
FNF:2
FNH:2
FNDA:1,(anonymous_1)
FNDA:1,(anonymous_2)
DA:2,1
DA:11,1
DA:17,1
DA:18,1
DA:22,1
DA:23,1
DA:24,1
DA:25,1
LF:8
LH:8
BRF:0
BRH:0
end_of_record
TN:
SF:src/Commons/exceptions/AuthenticationError.ts
FN:4,(anonymous_1)
FNF:1
FNH:1
FNDA:1,(anonymous_1)
DA:1,1
DA:3,1
DA:5,1
DA:6,1
LF:4
LH:4
BRF:0
BRH:0
end_of_record
TN:
SF:src/Commons/exceptions/ClientError.ts
FN:4,(anonymous_0)
FNF:1
FNH:1
FNDA:4,(anonymous_0)
DA:1,4
DA:5,4
DA:6,4
DA:7,4
LF:4
LH:4
BRDA:4,0,0,2
BRF:1
BRH:1
end_of_record
TN:
SF:src/Commons/exceptions/InvariantError.ts
FN:4,(anonymous_1)
FNF:1
FNH:1
FNDA:2,(anonymous_1)
DA:1,2
DA:3,2
DA:5,2
DA:6,2
LF:4
LH:4
BRF:0
BRH:0
end_of_record
TN:
SF:src/Commons/exceptions/NotFoundError.ts
FN:4,(anonymous_1)
FNF:1
FNH:1
FNDA:1,(anonymous_1)
DA:1,1
DA:3,1
DA:5,1
DA:6,1
LF:4
LH:4
BRF:0
BRH:0
end_of_record
TN:
SF:src/Domains/users/entities/RegisterUser.ts
FN:14,(anonymous_0)
FN:26,(anonymous_1)
FNF:2
FNH:2
FNDA:7,(anonymous_0)
FNDA:7,(anonymous_1)
DA:7,3
DA:15,7
DA:20,5
DA:21,5
DA:22,5
DA:23,5
DA:27,7
DA:28,1
DA:30,6
DA:31,1
LF:10
LH:10
BRDA:27,0,0,1
BRDA:27,1,0,7
BRDA:27,1,1,7
BRDA:27,1,2,7
BRDA:30,2,0,1
BRDA:30,3,0,6
BRDA:30,3,1,6
BRDA:30,3,2,6
BRF:8
BRH:8
end_of_record
TN:
SF:src/Domains/users/entities/RegisteredUser.ts
FN:14,(anonymous_0)
FN:22,(anonymous_1)
FNF:2
FNH:2
FNDA:7,(anonymous_0)
FNDA:7,(anonymous_1)
DA:7,3
DA:15,7
DA:16,5
DA:17,5
DA:18,5
DA:19,5
DA:27,7
DA:28,1
DA:30,6
DA:31,1
LF:10
LH:10
BRDA:27,0,0,1
BRDA:27,1,0,7
BRDA:27,1,1,6
BRDA:27,1,2,6
BRDA:30,2,0,1
BRDA:30,3,0,6
BRDA:30,3,1,5
BRDA:30,3,2,5
BRF:8
BRH:8
end_of_record
TN:
SF:src/Infrastructures/repository/UserRepositoryPostgres.ts
FN:13,(anonymous_1)
FN:18,(anonymous_2)
FN:32,(anonymous_3)
FNF:3
FNH:3
FNDA:4,(anonymous_1)
FNDA:2,(anonymous_2)
FNDA:2,(anonymous_3)
DA:2,1
DA:4,1
DA:8,1
DA:14,4
DA:15,4
DA:19,2
DA:26,2
DA:27,2
DA:28,1
DA:37,2
DA:38,2
DA:39,2
DA:46,2
DA:47,2
LF:14
LH:14
BRDA:27,0,0,1
BRF:1
BRH:1
end_of_record
TN:
SF:src/Infrastructures/security/BcryptPasswordHash.ts
FN:12,(anonymous_0)
FN:17,(anonymous_1)
FNF:2
FNH:2
FNDA:1,(anonymous_0)
FNDA:1,(anonymous_1)
DA:7,1
DA:13,1
DA:14,1
DA:18,1
LF:4
LH:4
BRDA:12,0,0,1
BRF:1
BRH:1
end_of_record
